<?xml version="1.0" encoding="UTF-8"?>
<!-- Generated by org.testng.reporters.JUnitReportReporter -->
<testsuite hostname="LAPTOP-SRKBNJHS" failures="0" tests="1" name="rahulshettyacademy.ExtendReports.ExtendReportDemo" time="9.290" errors="0" timestamp="2024-05-25T21:47:32 IST" skipped="0">
  <testcase classname="rahulshettyacademy.ExtendReports.ExtendReportDemo" name="initalDemo" time="9.290"/>
  <system-out/>
</testsuite> <!-- rahulshettyacademy.ExtendReports.ExtendReportDemo -->
