<?xml version="1.0" encoding="UTF-8"?>
<!-- Generated by org.testng.reporters.JUnitReportReporter -->
<testsuite hostname="LAPTOP-SRKBNJHS" failures="0" tests="3" name="testpackage.basic2" time="0.019" errors="0" timestamp="2024-05-07T00:02:08 IST" skipped="1">
  <testcase classname="testpackage.basic2" name="LoginAPIcarLoan" time="0.006"/>
  <system-out/>
  <testcase classname="testpackage.basic2" name="WebLoginCarloan" time="0.013"/>
  <system-out/>
  <testcase classname="testpackage.basic2" name="MobileLoginCarLoan">
    <skipped/>
  </testcase> <!-- MobileLoginCarLoan -->
  <system-out/>
</testsuite> <!-- testpackage.basic2 -->
