<?xml version="1.0" encoding="UTF-8"?>
<!-- Generated by org.testng.reporters.JUnitReportReporter -->
<testsuite hostname="LAPTOP-SRKBNJHS" failures="0" tests="6" name="testpackage.basic3" time="0.017" errors="0" timestamp="2024-05-07T00:02:08 IST" skipped="0">
  <testcase classname="testpackage.basic3" name="MobilesignoutcarLoan" time="0.002"/>
  <system-out/>
  <testcase classname="testpackage.basic3" name="MobilesignoutcarLoan" time="0.003"/>
  <system-out/>
  <testcase classname="testpackage.basic3" name="MobilesignoutcarLoan" time="0.001"/>
  <system-out/>
  <testcase classname="testpackage.basic3" name="MobileLoginHomeLoan" time="0.008"/>
  <system-out/>
  <testcase classname="testpackage.basic3" name="LoginAPIHomeLoan" time="0.002"/>
  <system-out/>
  <testcase classname="testpackage.basic3" name="WebLoginHomeloan" time="0.001"/>
  <system-out/>
</testsuite> <!-- testpackage.basic3 -->
