<?xml version="1.0" encoding="UTF-8"?>
<!-- Generated by org.testng.reporters.JUnitReportReporter -->
<testsuite hostname="LAPTOP-SRKBNJHS" failures="0" tests="1" name="testpackage.basics" time="0.011" errors="0" timestamp="2024-05-07T00:02:08 IST" skipped="0">
  <testcase classname="testpackage.basics" name="Demo" time="0.011"/>
  <system-out/>
</testsuite> <!-- testpackage.basics -->
